<?xml version="1.0" encoding="UTF-8"?>
<testsuite name="cleanTest.WhenDoTest" tests="1" skipped="0" failures="0" errors="0" timestamp="2021-08-01T06:48:23" hostname="LAPTOP-23LV7I1T" time="22.609">
  <properties/>
  <testcase name="verifyCreateTask()" classname="cleanTest.WhenDoTest" time="22.609"/>
  <system-out><![CDATA[]]></system-out>
  <system-err><![CDATA[ago. 01, 2021 2:48:38 A. M. io.appium.java_client.remote.AppiumCommandExecutor$1 lambda$0
INFORMACIÓN: Detected dialect: W3C
]]></system-err>
</testsuite>
